[?1034h15-12-2015 10:00:43 INFO    : AnalysisClass   : wmupj             : adding as wmupj Data
15-12-2015 10:00:43 INFO    : AnalysisClass   : wmupj             : adding as wmupj Data
15-12-2015 10:00:43 INFO    : AnalysisClass   : wmupj             : Applying cuts to Data
15-12-2015 10:01:32 INFO    : AnalysisClass   : wmupj             : Applying cuts to qcd
15-12-2015 10:02:17 INFO    : AnalysisClass   : wmupj             : Applying cuts to w
15-12-2015 10:02:59 INFO    : AnalysisClass   : wmupj             : Applying cuts to w_nocorr
15-12-2015 10:03:40 INFO    : Template        : Data              : Entry 0 of 72026
15-12-2015 10:03:42 INFO    : Template        : Data              : Entry 10000 of 72026
15-12-2015 10:03:43 INFO    : Template        : Data              : Entry 20000 of 72026
15-12-2015 10:03:44 INFO    : Template        : Data              : Entry 30000 of 72026
15-12-2015 10:03:45 INFO    : Template        : Data              : Entry 40000 of 72026
15-12-2015 10:03:46 INFO    : Template        : Data              : Entry 50000 of 72026
15-12-2015 10:03:48 INFO    : Template        : Data              : Entry 60000 of 72026
15-12-2015 10:03:49 INFO    : Template        : Data              : Entry 70000 of 72026
15-12-2015 10:03:49 INFO    : Template        : Data              : Entry 0 of 71597
15-12-2015 10:03:50 INFO    : Template        : Data              : Entry 10000 of 71597
15-12-2015 10:03:52 INFO    : Template        : Data              : Entry 20000 of 71597
15-12-2015 10:03:53 INFO    : Template        : Data              : Entry 30000 of 71597
15-12-2015 10:03:54 INFO    : Template        : Data              : Entry 40000 of 71597
15-12-2015 10:03:56 INFO    : Template        : Data              : Entry 50000 of 71597
15-12-2015 10:03:57 INFO    : Template        : Data              : Entry 60000 of 71597
15-12-2015 10:03:58 INFO    : Template        : Data              : Entry 70000 of 71597
15-12-2015 10:03:58 INFO    : Template        : qcd               : Entry 0 of 93585
15-12-2015 10:03:59 INFO    : Template        : qcd               : Entry 10000 of 93585
15-12-2015 10:04:00 INFO    : Template        : qcd               : Entry 20000 of 93585
15-12-2015 10:04:01 INFO    : Template        : qcd               : Entry 30000 of 93585
15-12-2015 10:04:02 INFO    : Template        : qcd               : Entry 40000 of 93585
15-12-2015 10:04:03 INFO    : Template        : qcd               : Entry 50000 of 93585
15-12-2015 10:04:04 INFO    : Template        : qcd               : Entry 60000 of 93585
15-12-2015 10:04:05 INFO    : Template        : qcd               : Entry 70000 of 93585
15-12-2015 10:04:05 INFO    : Template        : qcd               : Entry 80000 of 93585
15-12-2015 10:04:06 INFO    : Template        : qcd               : Entry 90000 of 93585
15-12-2015 10:04:07 INFO    : Template        : qcd               : Entry 0 of 92636
15-12-2015 10:04:08 INFO    : Template        : qcd               : Entry 10000 of 92636
15-12-2015 10:04:09 INFO    : Template        : qcd               : Entry 20000 of 92636
15-12-2015 10:04:10 INFO    : Template        : qcd               : Entry 30000 of 92636
15-12-2015 10:04:11 INFO    : Template        : qcd               : Entry 40000 of 92636
15-12-2015 10:04:12 INFO    : Template        : qcd               : Entry 50000 of 92636
15-12-2015 10:04:13 INFO    : Template        : qcd               : Entry 60000 of 92636
15-12-2015 10:04:14 INFO    : Template        : qcd               : Entry 70000 of 92636
15-12-2015 10:04:14 INFO    : Template        : qcd               : Entry 80000 of 92636
15-12-2015 10:04:15 INFO    : Template        : qcd               : Entry 90000 of 92636
15-12-2015 10:04:16 INFO    : Template        : w                 : Entry 0 of 28545
15-12-2015 10:04:19 INFO    : Template        : w                 : Entry 10000 of 28545
15-12-2015 10:04:23 INFO    : Template        : w                 : Entry 20000 of 28545
15-12-2015 10:04:26 INFO    : Template        : w                 : Entry 0 of 28102
15-12-2015 10:04:31 INFO    : Template        : w                 : Entry 10000 of 28102
15-12-2015 10:04:35 INFO    : Template        : w                 : Entry 20000 of 28102
15-12-2015 10:04:39 INFO    : Template        : w_nocorr          : Entry 0 of 28545
15-12-2015 10:04:42 INFO    : Template        : w_nocorr          : Entry 10000 of 28545
15-12-2015 10:04:46 INFO    : Template        : w_nocorr          : Entry 20000 of 28545
15-12-2015 10:04:49 INFO    : Template        : w_nocorr          : Entry 0 of 28102
15-12-2015 10:04:54 INFO    : Template        : w_nocorr          : Entry 10000 of 28102
15-12-2015 10:04:58 INFO    : Template        : w_nocorr          : Entry 20000 of 28102
15-12-2015 10:05:02 INFO    : AnalysisClass   : wmupj             : Wrote to wmupj.root
15-12-2015 10:05:02 INFO    : AnalysisClass   : wmumj             : adding as wmumj Data
15-12-2015 10:05:02 INFO    : AnalysisClass   : wmumj             : adding as wmumj Data
15-12-2015 10:05:02 INFO    : AnalysisClass   : wmumj             : Applying cuts to Data
15-12-2015 10:05:55 INFO    : AnalysisClass   : wmumj             : Applying cuts to qcd
15-12-2015 10:06:46 INFO    : AnalysisClass   : wmumj             : Applying cuts to w
15-12-2015 10:07:26 INFO    : AnalysisClass   : wmumj             : Applying cuts to w_nocorr
15-12-2015 10:08:09 INFO    : Template        : Data              : Entry 0 of 53954
15-12-2015 10:08:11 INFO    : Template        : Data              : Entry 10000 of 53954
15-12-2015 10:08:12 INFO    : Template        : Data              : Entry 20000 of 53954
15-12-2015 10:08:13 INFO    : Template        : Data              : Entry 30000 of 53954
15-12-2015 10:08:15 INFO    : Template        : Data              : Entry 40000 of 53954
15-12-2015 10:08:16 INFO    : Template        : Data              : Entry 50000 of 53954
15-12-2015 10:08:17 INFO    : Template        : Data              : Entry 0 of 54140
15-12-2015 10:08:18 INFO    : Template        : Data              : Entry 10000 of 54140
15-12-2015 10:08:20 INFO    : Template        : Data              : Entry 20000 of 54140
15-12-2015 10:08:22 INFO    : Template        : Data              : Entry 30000 of 54140
15-12-2015 10:08:23 INFO    : Template        : Data              : Entry 40000 of 54140
15-12-2015 10:08:25 INFO    : Template        : Data              : Entry 50000 of 54140
15-12-2015 10:08:25 INFO    : Template        : qcd               : Entry 0 of 83187
15-12-2015 10:08:26 INFO    : Template        : qcd               : Entry 10000 of 83187
15-12-2015 10:08:27 INFO    : Template        : qcd               : Entry 20000 of 83187
15-12-2015 10:08:29 INFO    : Template        : qcd               : Entry 30000 of 83187
15-12-2015 10:08:30 INFO    : Template        : qcd               : Entry 40000 of 83187
15-12-2015 10:08:30 INFO    : Template        : qcd               : Entry 50000 of 83187
15-12-2015 10:08:32 INFO    : Template        : qcd               : Entry 60000 of 83187
15-12-2015 10:08:33 INFO    : Template        : qcd               : Entry 70000 of 83187
15-12-2015 10:08:34 INFO    : Template        : qcd               : Entry 80000 of 83187
15-12-2015 10:08:34 INFO    : Template        : qcd               : Entry 0 of 83844
15-12-2015 10:08:35 INFO    : Template        : qcd               : Entry 10000 of 83844
15-12-2015 10:08:36 INFO    : Template        : qcd               : Entry 20000 of 83844
15-12-2015 10:08:37 INFO    : Template        : qcd               : Entry 30000 of 83844
15-12-2015 10:08:38 INFO    : Template        : qcd               : Entry 40000 of 83844
15-12-2015 10:08:39 INFO    : Template        : qcd               : Entry 50000 of 83844
15-12-2015 10:08:40 INFO    : Template        : qcd               : Entry 60000 of 83844
15-12-2015 10:08:41 INFO    : Template        : qcd               : Entry 70000 of 83844
15-12-2015 10:08:42 INFO    : Template        : qcd               : Entry 80000 of 83844
15-12-2015 10:08:43 INFO    : Template        : w                 : Entry 0 of 15969
15-12-2015 10:08:49 INFO    : Template        : w                 : Entry 10000 of 15969
15-12-2015 10:08:53 INFO    : Template        : w                 : Entry 0 of 16374
15-12-2015 10:09:01 INFO    : Template        : w                 : Entry 10000 of 16374
15-12-2015 10:09:06 INFO    : Template        : w_nocorr          : Entry 0 of 15969
15-12-2015 10:09:13 INFO    : Template        : w_nocorr          : Entry 10000 of 15969
15-12-2015 10:09:16 INFO    : Template        : w_nocorr          : Entry 0 of 16374
15-12-2015 10:09:24 INFO    : Template        : w_nocorr          : Entry 10000 of 16374
15-12-2015 10:09:28 INFO    : AnalysisClass   : wmumj             : Wrote to wmumj.root
15-12-2015 10:09:28 INFO    : AnalysisClass   : wmupj_nomujet     : adding as wmupj_nomujet Data
15-12-2015 10:09:28 INFO    : AnalysisClass   : wmupj_nomujet     : adding as wmupj_nomujet Data
15-12-2015 10:09:28 INFO    : AnalysisClass   : wmupj_nomujet     : Applying cuts to Data
15-12-2015 10:11:01 INFO    : AnalysisClass   : wmupj_nomujet     : Applying cuts to qcd
15-12-2015 10:11:51 INFO    : AnalysisClass   : wmupj_nomujet     : Applying cuts to w
15-12-2015 10:12:29 INFO    : AnalysisClass   : wmupj_nomujet     : Applying cuts to w_nocorr
15-12-2015 10:13:08 INFO    : Template        : Data              : Entry 0 of 69967
15-12-2015 10:13:10 INFO    : Template        : Data              : Entry 10000 of 69967
15-12-2015 10:13:11 INFO    : Template        : Data              : Entry 20000 of 69967
15-12-2015 10:13:12 INFO    : Template        : Data              : Entry 30000 of 69967
15-12-2015 10:13:13 INFO    : Template        : Data              : Entry 40000 of 69967
15-12-2015 10:13:15 INFO    : Template        : Data              : Entry 50000 of 69967
15-12-2015 10:13:16 INFO    : Template        : Data              : Entry 60000 of 69967
15-12-2015 10:13:17 INFO    : Template        : Data              : Entry 0 of 69500
15-12-2015 10:13:18 INFO    : Template        : Data              : Entry 10000 of 69500
15-12-2015 10:13:19 INFO    : Template        : Data              : Entry 20000 of 69500
15-12-2015 10:13:21 INFO    : Template        : Data              : Entry 30000 of 69500
15-12-2015 10:13:22 INFO    : Template        : Data              : Entry 40000 of 69500
15-12-2015 10:13:23 INFO    : Template        : Data              : Entry 50000 of 69500
15-12-2015 10:13:24 INFO    : Template        : Data              : Entry 60000 of 69500
15-12-2015 10:13:26 INFO    : Template        : qcd               : Entry 0 of 94154
15-12-2015 10:13:27 INFO    : Template        : qcd               : Entry 10000 of 94154
15-12-2015 10:13:28 INFO    : Template        : qcd               : Entry 20000 of 94154
15-12-2015 10:13:28 INFO    : Template        : qcd               : Entry 30000 of 94154
15-12-2015 10:13:29 INFO    : Template        : qcd               : Entry 40000 of 94154
15-12-2015 10:13:31 INFO    : Template        : qcd               : Entry 50000 of 94154
15-12-2015 10:13:31 INFO    : Template        : qcd               : Entry 60000 of 94154
15-12-2015 10:13:32 INFO    : Template        : qcd               : Entry 70000 of 94154
15-12-2015 10:13:33 INFO    : Template        : qcd               : Entry 80000 of 94154
15-12-2015 10:13:34 INFO    : Template        : qcd               : Entry 90000 of 94154
15-12-2015 10:13:34 INFO    : Template        : qcd               : Entry 0 of 93485
15-12-2015 10:13:36 INFO    : Template        : qcd               : Entry 10000 of 93485
15-12-2015 10:13:37 INFO    : Template        : qcd               : Entry 20000 of 93485
15-12-2015 10:13:38 INFO    : Template        : qcd               : Entry 30000 of 93485
15-12-2015 10:13:39 INFO    : Template        : qcd               : Entry 40000 of 93485
15-12-2015 10:13:39 INFO    : Template        : qcd               : Entry 50000 of 93485
15-12-2015 10:13:40 INFO    : Template        : qcd               : Entry 60000 of 93485
15-12-2015 10:13:41 INFO    : Template        : qcd               : Entry 70000 of 93485
15-12-2015 10:13:42 INFO    : Template        : qcd               : Entry 80000 of 93485
15-12-2015 10:13:43 INFO    : Template        : qcd               : Entry 90000 of 93485
15-12-2015 10:13:43 INFO    : Template        : w                 : Entry 0 of 27672
15-12-2015 10:13:47 INFO    : Template        : w                 : Entry 10000 of 27672
15-12-2015 10:13:51 INFO    : Template        : w                 : Entry 20000 of 27672
15-12-2015 10:13:54 INFO    : Template        : w                 : Entry 0 of 27218
15-12-2015 10:13:59 INFO    : Template        : w                 : Entry 10000 of 27218
15-12-2015 10:14:03 INFO    : Template        : w                 : Entry 20000 of 27218
15-12-2015 10:14:06 INFO    : Template        : w_nocorr          : Entry 0 of 27672
15-12-2015 10:14:10 INFO    : Template        : w_nocorr          : Entry 10000 of 27672
15-12-2015 10:14:14 INFO    : Template        : w_nocorr          : Entry 20000 of 27672
15-12-2015 10:14:17 INFO    : Template        : w_nocorr          : Entry 0 of 27218
15-12-2015 10:14:22 INFO    : Template        : w_nocorr          : Entry 10000 of 27218
15-12-2015 10:14:27 INFO    : Template        : w_nocorr          : Entry 20000 of 27218
15-12-2015 10:14:30 INFO    : AnalysisClass   : wmupj_nomujet     : Wrote to wmupj_nomujet.root
15-12-2015 10:14:30 INFO    : AnalysisClass   : wmumj_nomujet     : adding as wmumj_nomujet Data
15-12-2015 10:14:30 INFO    : AnalysisClass   : wmumj_nomujet     : adding as wmumj_nomujet Data
15-12-2015 10:14:30 INFO    : AnalysisClass   : wmumj_nomujet     : Applying cuts to Data
15-12-2015 10:15:22 INFO    : AnalysisClass   : wmumj_nomujet     : Applying cuts to qcd
15-12-2015 10:16:13 INFO    : AnalysisClass   : wmumj_nomujet     : Applying cuts to w
15-12-2015 10:16:51 INFO    : AnalysisClass   : wmumj_nomujet     : Applying cuts to w_nocorr
15-12-2015 10:17:30 INFO    : Template        : Data              : Entry 0 of 52890
15-12-2015 10:17:32 INFO    : Template        : Data              : Entry 10000 of 52890
15-12-2015 10:17:33 INFO    : Template        : Data              : Entry 20000 of 52890
15-12-2015 10:17:35 INFO    : Template        : Data              : Entry 30000 of 52890
15-12-2015 10:17:36 INFO    : Template        : Data              : Entry 40000 of 52890
15-12-2015 10:17:38 INFO    : Template        : Data              : Entry 50000 of 52890
15-12-2015 10:17:38 INFO    : Template        : Data              : Entry 0 of 52896
15-12-2015 10:17:40 INFO    : Template        : Data              : Entry 10000 of 52896
15-12-2015 10:17:41 INFO    : Template        : Data              : Entry 20000 of 52896
15-12-2015 10:17:43 INFO    : Template        : Data              : Entry 30000 of 52896
15-12-2015 10:17:45 INFO    : Template        : Data              : Entry 40000 of 52896
15-12-2015 10:17:46 INFO    : Template        : Data              : Entry 50000 of 52896
15-12-2015 10:17:46 INFO    : Template        : qcd               : Entry 0 of 94154
15-12-2015 10:17:48 INFO    : Template        : qcd               : Entry 10000 of 94154
15-12-2015 10:17:48 INFO    : Template        : qcd               : Entry 20000 of 94154
15-12-2015 10:17:49 INFO    : Template        : qcd               : Entry 30000 of 94154
15-12-2015 10:17:50 INFO    : Template        : qcd               : Entry 40000 of 94154
15-12-2015 10:17:51 INFO    : Template        : qcd               : Entry 50000 of 94154
15-12-2015 10:17:52 INFO    : Template        : qcd               : Entry 60000 of 94154
15-12-2015 10:17:53 INFO    : Template        : qcd               : Entry 70000 of 94154
15-12-2015 10:17:54 INFO    : Template        : qcd               : Entry 80000 of 94154
15-12-2015 10:17:55 INFO    : Template        : qcd               : Entry 90000 of 94154
15-12-2015 10:17:55 INFO    : Template        : qcd               : Entry 0 of 93485
15-12-2015 10:17:57 INFO    : Template        : qcd               : Entry 10000 of 93485
15-12-2015 10:17:58 INFO    : Template        : qcd               : Entry 20000 of 93485
15-12-2015 10:17:58 INFO    : Template        : qcd               : Entry 30000 of 93485
15-12-2015 10:17:59 INFO    : Template        : qcd               : Entry 40000 of 93485
15-12-2015 10:18:00 INFO    : Template        : qcd               : Entry 50000 of 93485
15-12-2015 10:18:01 INFO    : Template        : qcd               : Entry 60000 of 93485
15-12-2015 10:18:02 INFO    : Template        : qcd               : Entry 70000 of 93485
15-12-2015 10:18:03 INFO    : Template        : qcd               : Entry 80000 of 93485
15-12-2015 10:18:04 INFO    : Template        : qcd               : Entry 90000 of 93485
15-12-2015 10:18:04 INFO    : Template        : w                 : Entry 0 of 15459
15-12-2015 10:18:11 INFO    : Template        : w                 : Entry 10000 of 15459
15-12-2015 10:18:15 INFO    : Template        : w                 : Entry 0 of 15835
15-12-2015 10:18:23 INFO    : Template        : w                 : Entry 10000 of 15835
15-12-2015 10:18:27 INFO    : Template        : w_nocorr          : Entry 0 of 15459
15-12-2015 10:18:34 INFO    : Template        : w_nocorr          : Entry 10000 of 15459
15-12-2015 10:18:38 INFO    : Template        : w_nocorr          : Entry 0 of 15835
15-12-2015 10:18:46 INFO    : Template        : w_nocorr          : Entry 10000 of 15835
15-12-2015 10:18:50 INFO    : AnalysisClass   : wmumj_nomujet     : Wrote to wmumj_nomujet.root
